c:\users\18037\downloads\lcm\build\lcmgen\lcm-gen.dir\debug\vc143.pdb
c:\users\18037\downloads\lcm\build\lcmgen\lcm-gen.dir\debug\tokenize.obj
c:\users\18037\downloads\lcm\build\lcmgen\lcm-gen.dir\debug\main.obj
c:\users\18037\downloads\lcm\build\lcmgen\lcm-gen.dir\debug\lcmgen.obj
c:\users\18037\downloads\lcm\build\lcmgen\lcm-gen.dir\debug\getopt.obj
c:\users\18037\downloads\lcm\build\lcmgen\lcm-gen.dir\debug\emit_python.obj
c:\users\18037\downloads\lcm\build\lcmgen\lcm-gen.dir\debug\emit_lua.obj
c:\users\18037\downloads\lcm\build\lcmgen\lcm-gen.dir\debug\emit_java.obj
c:\users\18037\downloads\lcm\build\lcmgen\lcm-gen.dir\debug\emit_go.obj
c:\users\18037\downloads\lcm\build\lcmgen\lcm-gen.dir\debug\emit_cpp.obj
c:\users\18037\downloads\lcm\build\lcmgen\lcm-gen.dir\debug\emit_csharp.obj
c:\users\18037\downloads\lcm\build\lcmgen\lcm-gen.dir\debug\emit_c.obj
c:\users\18037\downloads\lcm\build\lcmgen\cmakefiles\generate.stamp
c:\users\18037\downloads\lcm\build\lcmgen\lcm-gen.dir\debug\lcm-gen.ilk
c:\users\18037\downloads\lcm\build\lcmgen\debug\lcm-gen.exe
c:\users\18037\downloads\lcm\build\lcmgen\debug\lcm-gen.pdb
c:\users\18037\downloads\lcm\build\lcmgen\lcm-gen.dir\debug\lcm-gen.tlog\cl.command.1.tlog
c:\users\18037\downloads\lcm\build\lcmgen\lcm-gen.dir\debug\lcm-gen.tlog\cl.read.1.tlog
c:\users\18037\downloads\lcm\build\lcmgen\lcm-gen.dir\debug\lcm-gen.tlog\cl.write.1.tlog
c:\users\18037\downloads\lcm\build\lcmgen\lcm-gen.dir\debug\lcm-gen.tlog\custombuild.command.1.tlog
c:\users\18037\downloads\lcm\build\lcmgen\lcm-gen.dir\debug\lcm-gen.tlog\custombuild.read.1.tlog
c:\users\18037\downloads\lcm\build\lcmgen\lcm-gen.dir\debug\lcm-gen.tlog\custombuild.write.1.tlog
c:\users\18037\downloads\lcm\build\lcmgen\lcm-gen.dir\debug\lcm-gen.tlog\link.command.1.tlog
c:\users\18037\downloads\lcm\build\lcmgen\lcm-gen.dir\debug\lcm-gen.tlog\link.read.1.tlog
c:\users\18037\downloads\lcm\build\lcmgen\lcm-gen.dir\debug\lcm-gen.tlog\link.write.1.tlog
