c:\users\18037\downloads\lcm\build\lcm\lcm.dir\debug\vc143.pdb
c:\users\18037\downloads\lcm\build\lcm\lcm.dir\debug\channel_to_port_t.obj
c:\users\18037\downloads\lcm\build\lcm\lcm.dir\debug\channel_port_map_update_t.obj
c:\users\18037\downloads\lcm\build\lcm\lcm.dir\debug\udpm_util.obj
c:\users\18037\downloads\lcm\build\lcm\lcm.dir\debug\ringbuffer.obj
c:\users\18037\downloads\lcm\build\lcm\lcm.dir\debug\lcm_udpm.obj
c:\users\18037\downloads\lcm\build\lcm\lcm.dir\debug\lcm_tcpq.obj
c:\users\18037\downloads\lcm\build\lcm\lcm.dir\debug\lcm_mpudpm.obj
c:\users\18037\downloads\lcm\build\lcm\lcm.dir\debug\lcm_memq.obj
c:\users\18037\downloads\lcm\build\lcm\lcm.dir\debug\lcm_file.obj
c:\users\18037\downloads\lcm\build\lcm\lcm.dir\debug\lcm.obj
c:\users\18037\downloads\lcm\build\lcm\lcm.dir\debug\eventlog.obj
c:\users\18037\downloads\lcm\build\lcm\lcm.dir\debug\winporting.obj
c:\users\18037\downloads\lcm\build\lcm\lcm.dir\debug\winlcm.obj
c:\users\18037\downloads\lcm\build\lcm\cmakefiles\generate.stamp
c:\users\18037\downloads\lcm\build\lcm\debug\lcm.lib
c:\users\18037\downloads\lcm\build\lcm\debug\lcm.exp
c:\users\18037\downloads\lcm\build\lcm\lcm.dir\debug\lcm.ilk
c:\users\18037\downloads\lcm\build\lcm\debug\lcm.dll
c:\users\18037\downloads\lcm\build\lcm\debug\lcm.pdb
c:\users\18037\downloads\lcm\build\lcm\lcm.dir\debug\lcm.tlog\cl.command.1.tlog
c:\users\18037\downloads\lcm\build\lcm\lcm.dir\debug\lcm.tlog\cl.read.1.tlog
c:\users\18037\downloads\lcm\build\lcm\lcm.dir\debug\lcm.tlog\cl.write.1.tlog
c:\users\18037\downloads\lcm\build\lcm\lcm.dir\debug\lcm.tlog\custombuild.command.1.tlog
c:\users\18037\downloads\lcm\build\lcm\lcm.dir\debug\lcm.tlog\custombuild.read.1.tlog
c:\users\18037\downloads\lcm\build\lcm\lcm.dir\debug\lcm.tlog\custombuild.write.1.tlog
c:\users\18037\downloads\lcm\build\lcm\lcm.dir\debug\lcm.tlog\lcm.write.1u.tlog
c:\users\18037\downloads\lcm\build\lcm\lcm.dir\debug\lcm.tlog\link.command.1.tlog
c:\users\18037\downloads\lcm\build\lcm\lcm.dir\debug\lcm.tlog\link.read.1.tlog
c:\users\18037\downloads\lcm\build\lcm\lcm.dir\debug\lcm.tlog\link.write.1.tlog
